<?xml version="1.0" encoding="UTF-8"?>
<!-- Generated by org.testng.reporters.JUnitReportReporter -->
<testsuite hostname="LAPTOP-QKCURUKN" failures="0" tests="1" name="com.quantum.CommunicationChannelWholesaler" time="16.300" errors="0" timestamp="2023-12-22T11:15:04 IST" skipped="0">
  <testcase classname="com.quantum.CommunicationChannelWholesaler" name="SendMessage" time="16.300"/>
</testsuite> <!-- com.quantum.CommunicationChannelWholesaler -->
