<?xml version="1.0" encoding="UTF-8"?>
<!-- Generated by org.testng.reporters.JUnitReportReporter -->
<testsuite hostname="LAPTOP-QKCURUKN" failures="0" tests="1" name="com.quantum.Order" time="16.152" errors="0" timestamp="2023-12-21T18:19:29 IST" skipped="0">
  <testcase classname="com.quantum.Order" name="VisibiltyOfOrderItems" time="16.152"/>
</testsuite> <!-- com.quantum.Order -->
