<?xml version="1.0" encoding="UTF-8"?>
<!-- Generated by org.testng.reporters.JUnitReportReporter -->
<testsuite hostname="LAPTOP-QKCURUKN" failures="0" tests="1" name="com.quantum.LogIn" time="12.963" errors="0" timestamp="2023-12-21T18:06:02 IST" skipped="0">
  <testcase classname="com.quantum.LogIn" name="SuccessfulLogoutForWholesalerLogin" time="12.963"/>
</testsuite> <!-- com.quantum.LogIn -->
