<?xml version="1.0" encoding="UTF-8"?>
<!-- Generated by org.testng.reporters.JUnitReportReporter -->
<testsuite hostname="LAPTOP-QKCURUKN" failures="0" tests="1" name="com.quantum.Checkout" time="35.545" errors="0" timestamp="2023-12-21T17:30:16 IST" skipped="0">
  <testcase classname="com.quantum.Checkout" name="OrderConfirm" time="35.545"/>
</testsuite> <!-- com.quantum.Checkout -->
