<?xml version="1.0" encoding="UTF-8"?>
<!-- Generated by org.testng.reporters.JUnitReportReporter -->
<testsuite hostname="LAPTOP-QKCURUKN" failures="0" tests="1" name="com.quantum.Cart" time="16.138" errors="0" timestamp="2023-12-21T17:39:25 IST" skipped="0">
  <testcase classname="com.quantum.Cart" name="OrderHistory" time="16.138"/>
</testsuite> <!-- com.quantum.Cart -->
