<?xml version="1.0" encoding="UTF-8"?>
<!-- Generated by org.testng.reporters.JUnitReportReporter -->
<testsuite hostname="LAPTOP-QKCURUKN" failures="0" tests="1" name="com.quantum.UserManagement$LogIn" time="21.627" errors="0" timestamp="2023-12-21T19:51:03 IST" skipped="0">
  <testcase classname="com.quantum.UserManagement$LogIn" name="UserReactivation" time="21.627"/>
</testsuite> <!-- com.quantum.UserManagement$LogIn -->
