<?xml version="1.0" encoding="UTF-8"?>
<!-- Generated by org.testng.reporters.JUnitReportReporter -->
<testsuite hostname="LAPTOP-QKCURUKN" failures="0" tests="1" name="com.quantum.Shop$MyAccount" time="15.690" errors="0" timestamp="2023-12-21T19:28:25 IST" skipped="0">
  <testcase classname="com.quantum.Shop$MyAccount" name="ProductFilter" time="15.690"/>
</testsuite> <!-- com.quantum.Shop$MyAccount -->
