<?xml version="1.0" encoding="UTF-8"?>
<!-- Generated by org.testng.reporters.JUnitReportReporter -->
<testsuite hostname="LAPTOP-QKCURUKN" failures="0" tests="1" name="com.quantum.MyAccount" time="16.529" errors="0" timestamp="2023-12-21T18:08:59 IST" skipped="0">
  <testcase classname="com.quantum.MyAccount" name="AccountDetailsEdit" time="16.529"/>
</testsuite> <!-- com.quantum.MyAccount -->
