<?xml version="1.0" encoding="UTF-8"?>
<!-- Generated by org.testng.reporters.JUnitReportReporter -->
<testsuite hostname="LAPTOP-QKCURUKN" failures="0" tests="2" name="com.quantum.OMS" time="5.920" errors="0" timestamp="2023-11-16T09:36:23 IST" skipped="0">
  <testcase classname="com.quantum.OMS" name="setUp" time="5.812"/>
  <testcase classname="com.quantum.OMS" name="productspage" time="0.108"/>
</testsuite> <!-- com.quantum.OMS -->
